[6.094s] Invoking command in '/home/felipe/ros2_ws/build/gazebo_models': /usr/bin/cmake /home/felipe/ros2_ws/gazebo_models -DCMAKE_INSTALL_PREFIX=/home/felipe/ros2_ws/install/gazebo_models
[6.182s] [0mCMake Deprecation Warning at CMakeLists.txt:1 (cmake_minimum_required):
[6.182s]   Compatibility with CMake < 2.8.12 will be removed from a future version of
[6.182s]   CMake.
[6.183s] 
[6.183s]   Update the VERSION argument <min> value or use a ...<max> suffix to tell
[6.184s]   CMake that the project does not need compatibility with older versions.
[6.185s] 
[6.187s] [0m
[6.816s] -- The C compiler identification is GNU 11.4.0
[7.378s] -- The CXX compiler identification is GNU 11.4.0
[7.449s] -- Detecting C compiler ABI info
[7.887s] -- Detecting C compiler ABI info - done
[7.942s] -- Check for working C compiler: /usr/bin/cc - skipped
[7.943s] -- Detecting C compile features
[7.946s] -- Detecting C compile features - done
[7.967s] -- Detecting CXX compiler ABI info
[8.409s] -- Detecting CXX compiler ABI info - done
[8.466s] -- Check for working CXX compiler: /usr/bin/c++ - skipped
[8.474s] -- Detecting CXX compile features
[8.475s] -- Detecting CXX compile features - done
[8.614s] -- Install path: /home/felipe/ros2_ws/install/gazebo_models/models
[8.666s] -- Configuring done
[9.185s] -- Generating done
[9.502s] -- Build files have been written to: /home/felipe/ros2_ws/build/gazebo_models
[9.538s] Invoked command in '/home/felipe/ros2_ws/build/gazebo_models' returned '0': /usr/bin/cmake /home/felipe/ros2_ws/gazebo_models -DCMAKE_INSTALL_PREFIX=/home/felipe/ros2_ws/install/gazebo_models
[9.541s] Invoking command in '/home/felipe/ros2_ws/build/gazebo_models': /usr/bin/cmake --build /home/felipe/ros2_ws/build/gazebo_models -- -j8 -l8
[9.857s] tar: Removing leading `../' from member names
[9.857s] tar: ../asphalt_plane: Cannot stat: No such file or directory
[9.860s] tar: Removing leading `../' from member names
[9.863s] tar: Exiting with failure status due to previous errors
[9.863s] tar: ../ambulance: Cannot stat: No such file or directory
[9.864s] gmake[2]: *** [CMakeFiles/asphalt_plane.dir/build.make:71: CMakeFiles/asphalt_plane] Error 2
[9.864s] gmake[1]: *** [CMakeFiles/Makefile2:723: CMakeFiles/asphalt_plane.dir/all] Error 2
[9.865s] gmake[1]: *** Waiting for unfinished jobs....
[9.877s] tar: Removing leading `../' from member names
[9.877s] tar: ../apollo15_landing_site_1000x1000: Cannot stat: No such file or directory
[9.885s] tar: Exiting with failure status due to previous errors
[9.886s] gmake[2]: *** [CMakeFiles/ambulance.dir/build.make:71: CMakeFiles/ambulance] Error 2
[9.889s] gmake[1]: *** [CMakeFiles/Makefile2:593: CMakeFiles/ambulance.dir/all] Error 2
[9.894s] tar: Removing leading `../' from member names
[9.894s] tar: ../arrow_red: Cannot stat: No such file or directory
[9.894s] tar: Exiting with failure status due to previous errors
[9.894s] gmake[2]: *** [CMakeFiles/apollo15_landing_site_1000x1000.dir/build.make:71: CMakeFiles/apollo15_landing_site_1000x1000] Error 2
[9.895s] gmake[1]: *** [CMakeFiles/Makefile2:645: CMakeFiles/apollo15_landing_site_1000x1000.dir/all] Error 2
[9.895s] tar: Removing leading `../' from member names
[9.897s] tar: ../apartment: Cannot stat: No such file or directory
[9.897s] tar: Exiting with failure status due to previous errors
[9.898s] gmake[2]: *** [CMakeFiles/arrow_red.dir/build.make:71: CMakeFiles/arrow_red] Error 2
[9.898s] tar: Exiting with failure status due to previous errorsgmake[1]: *** [CMakeFiles/Makefile2:697: CMakeFiles/arrow_red.dir/all] Error 2
[9.898s] 
[9.899s] gmake[2]: *** [CMakeFiles/apartment.dir/build.make:71: CMakeFiles/apartment] Error 2
[9.900s] gmake[1]: *** [CMakeFiles/Makefile2:619: CMakeFiles/apartment.dir/all] Error 2
[9.900s] tar: Removing leading `../' from member names
[9.901s] tar: ../asus_xtion_pro_camera: Cannot stat: No such file or directory
[9.904s] tar: Exiting with failure status due to previous errors
[9.905s] gmake[2]: *** [CMakeFiles/asus_xtion_pro_camera.dir/build.make:71: CMakeFiles/asus_xtion_pro_camera] Error 2
[9.905s] gmake[1]: *** [CMakeFiles/Makefile2:749: CMakeFiles/asus_xtion_pro_camera.dir/all] Error 2
[9.932s] tar: Removing leading `../' from member names
[9.934s] tar: Removing leading `../' from member names
[9.934s] tar: ../ball_bearing: Cannot stat: No such file or directory
[9.935s] tar: ../arm_part: Cannot stat: No such file or directory
[9.935s] tar: Exiting with failure status due to previous errors
[9.936s] gmake[2]: *** [CMakeFiles/arm_part.dir/build.make:71: CMakeFiles/arm_part] Error 2
[9.936s] gmake[1]: *** [CMakeFiles/Makefile2:671: CMakeFiles/arm_part.dir/all] Error 2
[9.936s] tar: Exiting with failure status due to previous errors
[9.939s] gmake[2]: *** [CMakeFiles/ball_bearing.dir/build.make:71: CMakeFiles/ball_bearing] Error 2
[9.948s] gmake[1]: *** [CMakeFiles/Makefile2:775: CMakeFiles/ball_bearing.dir/all] Error 2
[9.950s] gmake: *** [Makefile:156: all] Error 2
[9.961s] Invoked command in '/home/felipe/ros2_ws/build/gazebo_models' returned '2': /usr/bin/cmake --build /home/felipe/ros2_ws/build/gazebo_models -- -j8 -l8
